{"/home/lemair149u/TP_BUT2_Qualdev/Progs/TP5/src/metier/Main.ts": {"path":"/home/lemair149u/TP_BUT2_Qualdev/Progs/TP5/src/metier/Main.ts","statementMap":{"0":{"start":{"line":2,"column":12},"end":{"line":2,"column":13}},"1":{"start":{"line":4,"column":2},"end":{"line":6,"column":3}},"2":{"start":{"line":4,"column":15},"end":{"line":4,"column":16}},"3":{"start":{"line":5,"column":4},"end":{"line":5,"column":13}},"4":{"start":{"line":7,"column":2},"end":{"line":7,"column":13}},"5":{"start":{"line":11,"column":12},"end":{"line":11,"column":13}},"6":{"start":{"line":13,"column":2},"end":{"line":15,"column":3}},"7":{"start":{"line":13,"column":15},"end":{"line":13,"column":16}},"8":{"start":{"line":14,"column":4},"end":{"line":14,"column":13}},"9":{"start":{"line":17,"column":2},"end":{"line":23,"column":3}},"10":{"start":{"line":18,"column":4},"end":{"line":18,"column":108}},"11":{"start":{"line":22,"column":4},"end":{"line":22,"column":15}}},"fnMap":{"0":{"name":"multAdd","decl":{"start":{"line":1,"column":16},"end":{"line":1,"column":23}},"loc":{"start":{"line":1,"column":54},"end":{"line":8,"column":1}},"line":1},"1":{"name":"puissanceMult","decl":{"start":{"line":10,"column":16},"end":{"line":10,"column":29}},"loc":{"start":{"line":10,"column":61},"end":{"line":25,"column":1}},"line":10}},"branchMap":{"0":{"loc":{"start":{"line":17,"column":2},"end":{"line":23,"column":3}},"type":"if","locations":[{"start":{"line":17,"column":2},"end":{"line":23,"column":3}},{"start":{"line":21,"column":7},"end":{"line":23,"column":3}}],"line":17}},"s":{"0":0,"1":0,"2":0,"3":0,"4":0,"5":5,"6":5,"7":5,"8":7,"9":5,"10":1,"11":4},"f":{"0":0,"1":5},"b":{"0":[1,4]},"_coverageSchema":"1a1c01bbd47fc00a2c39e90264f33305004495a9","hash":"ceb90931a8651d9aeed2e23bcfdbb977641264f3"}
}
